<?xml version="1.0" encoding="UTF-8"?>
<testng-results skipped="0" failed="0" ignored="0" total="0" passed="0">
  <reporter-output>
  </reporter-output>
  <suite name="com.barnesandnoble.logintest.loginTest" duration-ms="19" started-at="2021-08-05T19:22:00 EDT" finished-at="2021-08-05T19:22:00 EDT">
    <groups>
    </groups>
    <test name="Command line test" duration-ms="19" started-at="2021-08-05T19:22:00 EDT" finished-at="2021-08-05T19:22:00 EDT">
    </test> <!-- Command line test -->
  </suite> <!-- com.barnesandnoble.logintest.loginTest -->
</testng-results>
